<?xml version="1.0" encoding="UTF-8"?>
<!-- Generated by org.testng.reporters.JUnitReportReporter -->
<testsuite skipped="0" hostname="DESKTOP-OEDJJGO" name="login.Authlogin" tests="1" failures="0" timestamp="2021-03-06T10:30:24 IST" time="18.465" errors="0">
  <testcase name="AuthshieldLogin" time="18.465" classname="login.Authlogin"/>
  <system-out/>
</testsuite> <!-- login.Authlogin -->
