<?xml version="1.0" encoding="UTF-8"?>
<!-- Generated by org.testng.reporters.JUnitReportReporter -->
<testsuite skipped="0" hostname="DESKTOP-OEDJJGO" name="token.insert" tests="2" failures="0" timestamp="2021-01-04T15:39:32 IST" time="46.911" errors="0">
  <testcase name="AuthshieldLogin" time="19.328" classname="token.insert"/>
  <system-out/>
  <testcase name="token" time="27.583" classname="token.insert"/>
  <system-out/>
</testsuite> <!-- token.insert -->
