<?xml version="1.0" encoding="UTF-8"?>
<!-- Generated by org.testng.reporters.JUnitReportReporter -->
<testsuite skipped="0" hostname="DESKTOP-OEDJJGO" name="administrator.LDAPADUserSearch" tests="2" failures="0" timestamp="2020-07-08T13:15:57 IST" time="24.645" errors="0">
  <testcase name="AuthshieldLogin" time="10.296" classname="administrator.LDAPADUserSearch"/>
  <system-out/>
  <testcase name="f" time="14.349" classname="administrator.LDAPADUserSearch"/>
  <system-out/>
</testsuite> <!-- administrator.LDAPADUserSearch -->
