<?xml version="1.0" encoding="UTF-8"?>
<!-- Generated by org.testng.reporters.JUnitReportReporter -->
<testsuite skipped="0" hostname="DESKTOP-OEDJJGO" name="administrator.Insertgeofile" tests="2" failures="0" timestamp="2020-07-08T13:14:40 IST" time="46.439" errors="0">
  <testcase name="AuthshieldLogin" time="11.077" classname="administrator.Insertgeofile"/>
  <system-out/>
  <testcase name="InsertGeoFile" time="35.362" classname="administrator.Insertgeofile"/>
  <system-out/>
</testsuite> <!-- administrator.Insertgeofile -->
