<?xml version="1.0" encoding="UTF-8"?>
<!-- Generated by org.testng.reporters.JUnitReportReporter -->
<testsuite skipped="0" hostname="DESKTOP-OEDJJGO" name="administrator.RedisServer" tests="2" failures="0" timestamp="2020-07-08T13:19:40 IST" time="32.955" errors="0">
  <testcase name="AuthshieldLogin" time="21.488" classname="administrator.RedisServer"/>
  <system-out/>
  <testcase name="ResyncRedis" time="11.467" classname="administrator.RedisServer"/>
  <system-out/>
</testsuite> <!-- administrator.RedisServer -->
