<?xml version="1.0" encoding="UTF-8"?>
<!-- Generated by org.testng.reporters.JUnitReportReporter -->
<testsuite skipped="0" hostname="DESKTOP-OEDJJGO" name="manageAdministration.Insertgeofile" tests="2" failures="0" timestamp="2020-04-20T17:08:59 IST" time="35.462" errors="0">
  <testcase name="InsertGeoFile" time="22.369" classname="manageAdministration.Insertgeofile"/>
  <system-out/>
  <testcase name="AuthshieldLogin" time="13.093" classname="manageAdministration.Insertgeofile"/>
  <system-out/>
</testsuite> <!-- manageAdministration.Insertgeofile -->
