<?xml version="1.0" encoding="UTF-8"?>
<!-- Generated by org.testng.reporters.JUnitReportReporter -->
<testsuite skipped="0" hostname="DESKTOP-OEDJJGO" name="login.myaccount" tests="2" failures="0" timestamp="2020-04-10T13:16:43 IST" time="53.259" errors="0">
  <testcase name="f" time="13.801" classname="login.myaccount"/>
  <system-out/>
  <testcase name="account" time="39.458" classname="login.myaccount"/>
  <system-out/>
</testsuite> <!-- login.myaccount -->
