<?xml version="1.0" encoding="UTF-8"?>
<!-- Generated by org.testng.reporters.JUnitReportReporter -->
<testsuite skipped="0" hostname="DESKTOP-OEDJJGO" name="administrator.RestartPushServer" tests="2" failures="0" timestamp="2020-07-08T13:21:11 IST" time="29.791" errors="0">
  <testcase name="AuthshieldLogin" time="12.231" classname="administrator.RestartPushServer"/>
  <system-out/>
  <testcase name="ResyncPushserver" time="17.560" classname="administrator.RestartPushServer"/>
  <system-out/>
</testsuite> <!-- administrator.RestartPushServer -->
