<?xml version="1.0" encoding="UTF-8"?>
<!-- Generated by org.testng.reporters.JUnitReportReporter -->
<testsuite skipped="0" hostname="DESKTOP-OEDJJGO" name="login.Adimport" tests="2" failures="0" timestamp="2021-01-05T13:11:13 IST" time="48.154" errors="0">
  <testcase name="AuthshieldLogin" time="20.589" classname="login.Adimport"/>
  <system-out/>
  <testcase name="ldapimp" time="27.565" classname="login.Adimport"/>
  <system-out/>
</testsuite> <!-- login.Adimport -->
