<?xml version="1.0" encoding="UTF-8"?>
<!-- Generated by org.testng.reporters.JUnitReportReporter -->
<testsuite skipped="0" hostname="DESKTOP-OEDJJGO" name="User.ImportUser" tests="2" failures="0" timestamp="2020-06-16T15:51:27 IST" time="30.371" errors="0">
  <testcase name="AuthshieldLogin" time="13.513" classname="User.ImportUser"/>
  <system-out/>
  <testcase name="importuser" time="16.858" classname="User.ImportUser"/>
  <system-out/>
</testsuite> <!-- User.ImportUser -->
