<?xml version="1.0" encoding="UTF-8"?>
<!-- Generated by org.testng.reporters.JUnitReportReporter -->
<testsuite skipped="0" hostname="DESKTOP-OEDJJGO" name="manageAdministration.domain" tests="2" failures="0" timestamp="2020-06-16T16:30:33 IST" time="51.389" errors="0">
  <testcase name="addDomain" time="38.776" classname="manageAdministration.domain"/>
  <system-out/>
  <testcase name="AuthshieldLogin" time="12.613" classname="manageAdministration.domain"/>
  <system-out/>
</testsuite> <!-- manageAdministration.domain -->
