<?xml version="1.0" encoding="UTF-8"?>
<!-- Generated by org.testng.reporters.JUnitReportReporter -->
<testsuite skipped="0" hostname="DESKTOP-OEDJJGO" name="administrator.ResyncServer" tests="2" failures="0" timestamp="2020-07-08T13:22:01 IST" time="23.393" errors="0">
  <testcase name="AuthshieldLogin" time="12.758" classname="administrator.ResyncServer"/>
  <system-out/>
  <testcase name="ResyncServer1" time="10.635" classname="administrator.ResyncServer"/>
  <system-out/>
</testsuite> <!-- administrator.ResyncServer -->
