<?xml version="1.0" encoding="UTF-8"?>
<!-- Generated by org.testng.reporters.JUnitReportReporter -->
<testsuite skipped="0" hostname="DESKTOP-OEDJJGO" name="manageuser.deassignapp" tests="2" failures="0" timestamp="2020-04-27T15:46:56 IST" time="92.016" errors="0">
  <testcase name="AuthshieldLogin" time="17.100" classname="manageuser.deassignapp"/>
  <system-out/>
  <testcase name="assign" time="74.916" classname="manageuser.deassignapp"/>
  <system-out/>
</testsuite> <!-- manageuser.deassignapp -->
