<?xml version="1.0" encoding="UTF-8"?>
<!-- Generated by org.testng.reporters.JUnitReportReporter -->
<testsuite skipped="0" hostname="DESKTOP-OEDJJGO" name="manageAdministration.Syncuser" tests="2" failures="0" timestamp="2020-06-17T16:05:29 IST" time="27.769" errors="0">
  <testcase name="AuthshieldLogin" time="12.642" classname="manageAdministration.Syncuser"/>
  <system-out/>
  <testcase name="sync" time="15.127" classname="manageAdministration.Syncuser"/>
  <system-out/>
</testsuite> <!-- manageAdministration.Syncuser -->
