<?xml version="1.0" encoding="UTF-8"?>
<!-- Generated by org.testng.reporters.JUnitReportReporter -->
<testsuite skipped="0" hostname="DESKTOP-OEDJJGO" name="manageuser.changeAuth" tests="2" failures="0" timestamp="2021-03-06T15:56:19 IST" time="190.709" errors="0">
  <testcase name="AuthshieldLogin" time="26.810" classname="manageuser.changeAuth"/>
  <system-out/>
  <testcase name="changeauth" time="163.899" classname="manageuser.changeAuth"/>
  <system-out/>
</testsuite> <!-- manageuser.changeAuth -->
