<?xml version="1.0" encoding="UTF-8"?>
<!-- Generated by org.testng.reporters.JUnitReportReporter -->
<testsuite hostname="DESKTOP-OEDJJGO" failures="0" tests="1" name="Naukri.comUpdate.profileUpdate" time="38.665" errors="0" timestamp="16 Jun 2021 15:30:27 GMT">
  <testcase classname="Naukri.comUpdate.profileUpdate" name="NaukriLogin" time="38.665"/>
</testsuite> <!-- Naukri.comUpdate.profileUpdate -->
