<?xml version="1.0" encoding="UTF-8"?>
<!-- Generated by org.testng.reporters.JUnitReportReporter -->
<testsuite hostname="DESKTOP-OEDJJGO" failures="0" tests="1" name="AuthLogin.myjenkinlogin" time="0.003" errors="0" timestamp="17 Jun 2021 07:52:52 GMT">
  <testcase classname="AuthLogin.myjenkinlogin" name="main" time="0.003"/>
</testsuite> <!-- AuthLogin.myjenkinlogin -->
