<?xml version="1.0" encoding="UTF-8"?>
<!-- Generated by org.testng.reporters.JUnitReportReporter -->
<testsuite hostname="DESKTOP-OEDJJGO" failures="0" tests="1" name="AuthLogin.MyAuthlogin" time="24.541" errors="0" timestamp="14 Jun 2021 04:55:50 GMT" skipped="0">
  <testcase classname="AuthLogin.MyAuthlogin" name="AuthshieldLogin" time="24.541"/>
</testsuite> <!-- AuthLogin.MyAuthlogin -->
