<?xml version="1.0" encoding="UTF-8"?>
<!-- Generated by org.testng.reporters.JUnitReportReporter -->
<testsuite hostname="DESKTOP-OEDJJGO" failures="0" tests="1" name="AuthLogin.MyAuthlogin" time="21.256" errors="0" timestamp="17 Jun 2021 07:52:52 GMT">
  <testcase classname="AuthLogin.MyAuthlogin" name="AuthshieldLogin" time="21.256"/>
</testsuite> <!-- AuthLogin.MyAuthlogin -->
