<?xml version="1.0" encoding="UTF-8"?>
<!-- Generated by org.testng.reporters.JUnitReportReporter -->
<testsuite hostname="DESKTOP-OEDJJGO" failures="0" tests="1" name="AuthLogin.myjenkinlogin" time="0.180" errors="0" timestamp="14 Jun 2021 10:28:08 GMT">
  <testcase classname="AuthLogin.myjenkinlogin" name="main" time="0.180"/>
</testsuite> <!-- AuthLogin.myjenkinlogin -->
