<?xml version="1.0" encoding="UTF-8"?>
<!-- Generated by org.testng.reporters.JUnitReportReporter -->
<testsuite hostname="DESKTOP-6DFJBSF" failures="0" tests="1" name="DataIngestors.Test_Case_Number_27" time="7.307" errors="0" timestamp="29 Jun 2021 09:03:14 GMT" skipped="0">
  <testcase classname="DataIngestors.Test_Case_Number_27" name="Login" time="7.307"/>
</testsuite> <!-- DataIngestors.Test_Case_Number_27 -->
