<?xml version="1.0" encoding="UTF-8"?>
<!-- Generated by org.testng.reporters.JUnitReportReporter -->
<testsuite hostname="DESKTOP-6DFJBSF" failures="0" tests="1" name="DataIngestors.asdsd" time="6.520" errors="0" timestamp="29 Jun 2021 07:29:30 GMT" skipped="0">
  <testcase classname="DataIngestors.asdsd" name="Login" time="6.520"/>
</testsuite> <!-- DataIngestors.asdsd -->
