<?xml version="1.0" encoding="UTF-8"?>
<!-- Generated by org.testng.reporters.JUnitReportReporter -->
<testsuite hostname="DESKTOP-6DFJBSF" failures="0" tests="1" name="DataIngestors.InnsightLogin" time="6.632" errors="0" timestamp="18 Jun 2021 07:47:34 GMT" skipped="0">
  <testcase classname="DataIngestors.InnsightLogin" name="Login" time="6.632"/>
</testsuite> <!-- DataIngestors.InnsightLogin -->
