<?xml version="1.0" encoding="UTF-8"?>
<!-- Generated by org.testng.reporters.JUnitReportReporter -->
<testsuite hostname="DESKTOP-6DFJBSF" failures="0" tests="1" name="DataIngestors.Test_Case_Number_48" time="4.916" errors="0" timestamp="07 Jul 2021 09:55:14 GMT" skipped="0">
  <testcase classname="DataIngestors.Test_Case_Number_48" name="Login" time="4.916"/>
</testsuite> <!-- DataIngestors.Test_Case_Number_48 -->
