<?xml version="1.0" encoding="UTF-8"?>
<!-- Generated by org.testng.reporters.JUnitReportReporter -->
<testsuite hostname="DESKTOP-OEDJJGO" failures="0" tests="1" name="DataIngestors.InnsightLogin" time="27.138" errors="0" timestamp="17 Jun 2021 12:48:24 GMT" skipped="0">
  <testcase classname="DataIngestors.InnsightLogin" name="Login" time="27.138"/>
</testsuite> <!-- DataIngestors.InnsightLogin -->
