<?xml version="1.0" encoding="UTF-8"?>
<!-- Generated by org.testng.reporters.JUnitReportReporter -->
<testsuite hostname="DESKTOP-6DFJBSF" failures="0" tests="1" name="DataIngestors.Test_Case_Number_40" time="6.417" errors="0" timestamp="05 Jul 2021 12:03:10 GMT" skipped="0">
  <testcase classname="DataIngestors.Test_Case_Number_40" name="Login" time="6.417"/>
</testsuite> <!-- DataIngestors.Test_Case_Number_40 -->
