<?xml version="1.0" encoding="UTF-8"?>
<!-- Generated by org.testng.reporters.JUnitReportReporter -->
<testsuite hostname="DESKTOP-6DFJBSF" failures="0" tests="1" name="DataIngestors.Test_Case_Number_54" time="5.457" errors="0" timestamp="13 Jul 2021 10:15:51 GMT" skipped="0">
  <testcase classname="DataIngestors.Test_Case_Number_54" name="Login" time="5.457"/>
</testsuite> <!-- DataIngestors.Test_Case_Number_54 -->
