<?xml version="1.0" encoding="UTF-8"?>
<!-- Generated by org.testng.reporters.JUnitReportReporter -->
<testsuite hostname="DESKTOP-6DFJBSF" failures="0" tests="1" name="DataIngestors.Test_Case_Number_25" time="6.057" errors="0" timestamp="28 Jun 2021 08:47:10 GMT" skipped="0">
  <testcase classname="DataIngestors.Test_Case_Number_25" name="Login" time="6.057"/>
</testsuite> <!-- DataIngestors.Test_Case_Number_25 -->
