<?xml version="1.0" encoding="UTF-8"?>
<!-- Generated by org.testng.reporters.JUnitReportReporter -->
<testsuite hostname="DESKTOP-6DFJBSF" failures="0" tests="1" name="DataIngestors.Test_Case_Number_41_d" time="5.141" errors="0" timestamp="06 Jul 2021 11:11:01 GMT" skipped="0">
  <testcase classname="DataIngestors.Test_Case_Number_41_d" name="Login" time="5.141"/>
</testsuite> <!-- DataIngestors.Test_Case_Number_41_d -->
