<?xml version="1.0" encoding="UTF-8"?>
<!-- Generated by org.testng.reporters.JUnitReportReporter -->
<testsuite hostname="DESKTOP-6DFJBSF" failures="0" tests="1" name="DataIngestors.AvatarCrawling" time="5.800" errors="0" timestamp="20 Jun 2021 07:39:43 GMT" skipped="0">
  <testcase classname="DataIngestors.AvatarCrawling" name="Login" time="5.800"/>
</testsuite> <!-- DataIngestors.AvatarCrawling -->
