<?xml version="1.0" encoding="UTF-8"?>
<!-- Generated by org.testng.reporters.JUnitReportReporter -->
<testsuite hostname="DESKTOP-6DFJBSF" failures="0" tests="1" name="DataIngestors.Test_Case_Number_49" time="5.489" errors="0" timestamp="07 Jul 2021 11:25:34 GMT" skipped="0">
  <testcase classname="DataIngestors.Test_Case_Number_49" name="Login" time="5.489"/>
</testsuite> <!-- DataIngestors.Test_Case_Number_49 -->
