<?xml version="1.0" encoding="UTF-8"?>
<!-- Generated by org.testng.reporters.JUnitReportReporter -->
<testsuite hostname="DESKTOP-6DFJBSF" failures="0" tests="1" name="DataIngestors.Highlight" time="5.509" errors="0" timestamp="06 Jul 2021 12:10:34 GMT" skipped="0">
  <testcase classname="DataIngestors.Highlight" name="Login" time="5.509"/>
</testsuite> <!-- DataIngestors.Highlight -->
