<?xml version="1.0" encoding="UTF-8"?>
<!-- Generated by org.testng.reporters.JUnitReportReporter -->
<testsuite hostname="DESKTOP-6DFJBSF" failures="0" tests="1" name="DataIngestors.SearchEngineTest" time="6.533" errors="0" timestamp="18 Jun 2021 11:36:29 GMT" skipped="0">
  <testcase classname="DataIngestors.SearchEngineTest" name="Login" time="6.533"/>
</testsuite> <!-- DataIngestors.SearchEngineTest -->
