<?xml version="1.0" encoding="UTF-8"?>
<!-- Generated by org.testng.reporters.JUnitReportReporter -->
<testsuite hostname="DESKTOP-6DFJBSF" failures="0" tests="1" name="a.SentimentAnalysis" time="6.090" errors="0" timestamp="20 Jun 2021 09:57:25 GMT" skipped="0">
  <testcase classname="a.SentimentAnalysis" name="Login" time="6.090"/>
</testsuite> <!-- a.SentimentAnalysis -->
