<?xml version="1.0" encoding="UTF-8"?>
<!-- Generated by org.testng.reporters.JUnitReportReporter -->
<testsuite hostname="DESKTOP-6DFJBSF" failures="0" tests="1" name="DataIngestors.Test_Case_Number_46" time="5.235" errors="0" timestamp="06 Jul 2021 12:28:54 GMT" skipped="0">
  <testcase classname="DataIngestors.Test_Case_Number_46" name="Login" time="5.235"/>
</testsuite> <!-- DataIngestors.Test_Case_Number_46 -->
