<?xml version="1.0" encoding="UTF-8"?>
<!-- Generated by org.testng.reporters.JUnitReportReporter -->
<testsuite hostname="DESKTOP-6DFJBSF" failures="0" tests="1" name="DataIngestors.Test_Case_Number_53" time="5.404" errors="0" timestamp="08 Jul 2021 11:39:40 GMT" skipped="0">
  <testcase classname="DataIngestors.Test_Case_Number_53" name="Login" time="5.404"/>
</testsuite> <!-- DataIngestors.Test_Case_Number_53 -->
