<?xml version="1.0" encoding="UTF-8"?>
<!-- Generated by org.testng.reporters.JUnitReportReporter -->
<testsuite hostname="DESKTOP-6DFJBSF" failures="0" tests="1" name="DataIngestors.Test_Case_Number_41_b" time="6.364" errors="0" timestamp="05 Jul 2021 12:40:28 GMT" skipped="0">
  <testcase classname="DataIngestors.Test_Case_Number_41_b" name="Login" time="6.364"/>
</testsuite> <!-- DataIngestors.Test_Case_Number_41_b -->
