<?xml version="1.0" encoding="UTF-8"?>
<!-- Generated by org.testng.reporters.JUnitReportReporter -->
<testsuite hostname="DESKTOP-6DFJBSF" failures="0" tests="1" name="DataIngestors.ComplexQuery" time="5.234" errors="0" timestamp="20 Jun 2021 10:42:19 GMT" skipped="0">
  <testcase classname="DataIngestors.ComplexQuery" name="Login" time="5.234"/>
</testsuite> <!-- DataIngestors.ComplexQuery -->
