<?xml version="1.0" encoding="UTF-8"?>
<!-- Generated by org.testng.reporters.JUnitReportReporter -->
<testsuite hostname="DESKTOP-OEDJJGO" failures="0" tests="1" name="DataIngestors.DataIngest" time="25.213" errors="0" timestamp="18 Jun 2021 05:14:31 GMT" skipped="0">
  <testcase classname="DataIngestors.DataIngest" name="Login" time="25.213"/>
</testsuite> <!-- DataIngestors.DataIngest -->
