<?xml version="1.0" encoding="UTF-8"?>
<!-- Generated by org.testng.reporters.JUnitReportReporter -->
<testsuite hostname="DESKTOP-6DFJBSF" failures="0" tests="1" name="DataIngestors.Test_Case_Number_52" time="6.775" errors="0" timestamp="08 Jul 2021 11:06:31 GMT" skipped="0">
  <testcase classname="DataIngestors.Test_Case_Number_52" name="Login" time="6.775"/>
</testsuite> <!-- DataIngestors.Test_Case_Number_52 -->
