<?xml version="1.0" encoding="UTF-8"?>
<!-- Generated by org.testng.reporters.JUnitReportReporter -->
<testsuite hostname="DESKTOP-6DFJBSF" failures="0" tests="1" name="DataIngestors.Test_Case_Number_34" time="7.327" errors="0" timestamp="05 Jul 2021 06:04:48 GMT" skipped="0">
  <testcase classname="DataIngestors.Test_Case_Number_34" name="Login" time="7.327"/>
</testsuite> <!-- DataIngestors.Test_Case_Number_34 -->
