<?xml version="1.0" encoding="UTF-8"?>
<!-- Generated by org.testng.reporters.JUnitReportReporter -->
<testsuite hostname="DESKTOP-6DFJBSF" failures="0" tests="1" name="DataIngestors.Test_Case_Number_50" time="5.179" errors="0" timestamp="07 Jul 2021 11:57:23 GMT" skipped="0">
  <testcase classname="DataIngestors.Test_Case_Number_50" name="Login" time="5.179"/>
</testsuite> <!-- DataIngestors.Test_Case_Number_50 -->
