<?xml version="1.0" encoding="UTF-8"?>
<!-- Generated by org.testng.reporters.JUnitReportReporter -->
<testsuite hostname="DESKTOP-6DFJBSF" failures="0" tests="1" name="DataIngestors.Test_Case_Number_47" time="5.444" errors="0" timestamp="06 Jul 2021 12:35:39 GMT" skipped="0">
  <testcase classname="DataIngestors.Test_Case_Number_47" name="Login" time="5.444"/>
</testsuite> <!-- DataIngestors.Test_Case_Number_47 -->
