<?xml version="1.0" encoding="UTF-8"?>
<!-- Generated by org.testng.reporters.JUnitReportReporter -->
<testsuite hostname="DESKTOP-6DFJBSF" failures="0" tests="1" name="DataIngestors.DataQuery" time="7.429" errors="0" timestamp="21 Jun 2021 08:59:38 GMT" skipped="0">
  <testcase classname="DataIngestors.DataQuery" name="Login" time="7.429"/>
</testsuite> <!-- DataIngestors.DataQuery -->
