<?xml version="1.0" encoding="UTF-8"?>
<!-- Generated by org.testng.reporters.JUnitReportReporter -->
<testsuite skipped="0" hostname="DESKTOP-OEDJJGO" name="myfirstprgram.includetest" tests="4" failures="0" timestamp="2021-01-29T21:45:57 IST" time="0.070" errors="0">
  <testcase name="test1" time="0.004" classname="myfirstprgram.includetest"/>
  <system-out/>
  <testcase name="test2" time="0.005" classname="myfirstprgram.includetest"/>
  <system-out/>
  <testcase name="test3" time="0.041" classname="myfirstprgram.includetest"/>
  <system-out/>
  <testcase name="test4" time="0.020" classname="myfirstprgram.includetest"/>
  <system-out/>
</testsuite> <!-- myfirstprgram.includetest -->
