<?xml version="1.0" encoding="UTF-8"?>
<!-- Generated by org.testng.reporters.JUnitReportReporter -->
<testsuite skipped="0" hostname="DESKTOP-OEDJJGO" name="myfirstprgram.first" tests="3" failures="0" timestamp="2021-01-29T21:45:57 IST" time="0.036" errors="0">
  <testcase name="Hello1" time="0.008" classname="myfirstprgram.first"/>
  <system-out/>
  <testcase name="Hello" time="0.021" classname="myfirstprgram.first"/>
  <system-out/>
  <testcase name="hello2" time="0.007" classname="myfirstprgram.first"/>
  <system-out/>
</testsuite> <!-- myfirstprgram.first -->
