<?xml version="1.0" encoding="UTF-8"?>
<!-- Generated by org.testng.reporters.JUnitReportReporter -->
<testsuite skipped="0" hostname="DESKTOP-OEDJJGO" name="myfirstprgram.secondclass" tests="2" failures="0" timestamp="2021-01-29T21:45:57 IST" time="0.010" errors="0">
  <testcase name="testingmodule" time="0.006" classname="myfirstprgram.secondclass"/>
  <system-out/>
  <testcase name="second" time="0.004" classname="myfirstprgram.secondclass"/>
  <system-out/>
</testsuite> <!-- myfirstprgram.secondclass -->
