<?xml version="1.0" encoding="UTF-8"?>
<!-- Generated by org.testng.reporters.JUnitReportReporter -->
<testsuite skipped="0" hostname="DESKTOP-OEDJJGO" name="RestassuredAPI_Testing007.RestassuredAPI_Testing007.restassured" tests="1" failures="0" timestamp="2021-02-25T12:46:49 IST" time="12.893" errors="0">
  <testcase name="Get_restassured" time="12.893" classname="RestassuredAPI_Testing007.RestassuredAPI_Testing007.restassured"/>
  <system-out/>
</testsuite> <!-- RestassuredAPI_Testing007.RestassuredAPI_Testing007.restassured -->
